
test_binary_tree: system execution failed.
Following is the set of recorded exceptions:

-------------------------------------------------------------------------------
Class / Object      Routine                Nature of exception           Effect
-------------------------------------------------------------------------------
FAC_PROB_Q1         _invariant @3          fac_bounded_by_f:            
<0000000003CA6658>  (From FAC_PROBLEM_Q)   Class invariant violated.     Fail
-------------------------------------------------------------------------------
FAC_PROB_Q1         _invariant                                          
<0000000003CA6658>  (From FAC_PROBLEM_Q)   Routine failure.              Fail
-------------------------------------------------------------------------------
FAC_PROB_Q1         calculation @3                                      
<0000000003CA6658>  (From FAC_PROBLEM_Q)   Routine failure.              Fail
-------------------------------------------------------------------------------
G_PROB_SOLVER       calculate @2                                        
<0000000003CA6638>                         Routine failure.              Fail
-------------------------------------------------------------------------------
G_PROB_SOLVER       go @1                                               
<0000000003CA6638>                         Routine failure.              Fail
-------------------------------------------------------------------------------
APPLICATION         make @38                                            
<0000000003CA45A8>                         Routine failure.              Fail
-------------------------------------------------------------------------------
APPLICATION         root's creation                                     
<0000000003CA45A8>                         Routine failure.              Exit
-------------------------------------------------------------------------------


test_binary_tree: PANIC: caught signal #21 (Ctrl-Break) -- Giving up...
